Jan 25, 2018 10:38:37 AM org.apache.catalina.startup.VersionLoggerListener log
INFO: Server version:        Apache Tomcat/7.0.82
Jan 25, 2018 10:38:37 AM org.apache.catalina.startup.VersionLoggerListener log
INFO: Server built:          Sep 29 2017 12:23:15 UTC
Jan 25, 2018 10:38:37 AM org.apache.catalina.startup.VersionLoggerListener log
INFO: Server number:         7.0.82.0
Jan 25, 2018 10:38:37 AM org.apache.catalina.startup.VersionLoggerListener log
INFO: OS Name:               Mac OS X
Jan 25, 2018 10:38:37 AM org.apache.catalina.startup.VersionLoggerListener log
INFO: OS Version:            10.13.2
Jan 25, 2018 10:38:37 AM org.apache.catalina.startup.VersionLoggerListener log
INFO: Architecture:          x86_64
Jan 25, 2018 10:38:37 AM org.apache.catalina.startup.VersionLoggerListener log
INFO: Java Home:             /Library/Java/JavaVirtualMachines/jdk1.7.0_80.jdk/Contents/Home/jre
Jan 25, 2018 10:38:37 AM org.apache.catalina.startup.VersionLoggerListener log
INFO: JVM Version:           1.7.0_80-b15
Jan 25, 2018 10:38:37 AM org.apache.catalina.startup.VersionLoggerListener log
INFO: JVM Vendor:            Oracle Corporation
Jan 25, 2018 10:38:37 AM org.apache.catalina.startup.VersionLoggerListener log
INFO: CATALINA_BASE:         /Users/tonisutomo/Documents/tomcat7
Jan 25, 2018 10:38:37 AM org.apache.catalina.startup.VersionLoggerListener log
INFO: CATALINA_HOME:         /Users/tonisutomo/Documents/tomcat7
Jan 25, 2018 10:38:37 AM org.apache.catalina.startup.VersionLoggerListener log
INFO: Command line argument: -Djava.util.logging.config.file=/Users/tonisutomo/Documents/tomcat7/conf/logging.properties
Jan 25, 2018 10:38:37 AM org.apache.catalina.startup.VersionLoggerListener log
INFO: Command line argument: -Djava.util.logging.manager=org.apache.juli.ClassLoaderLogManager
Jan 25, 2018 10:38:37 AM org.apache.catalina.startup.VersionLoggerListener log
INFO: Command line argument: -Djdk.tls.ephemeralDHKeySize=2048
Jan 25, 2018 10:38:37 AM org.apache.catalina.startup.VersionLoggerListener log
INFO: Command line argument: -Djava.endorsed.dirs=/Users/tonisutomo/Documents/tomcat7/endorsed
Jan 25, 2018 10:38:37 AM org.apache.catalina.startup.VersionLoggerListener log
INFO: Command line argument: -Dcatalina.base=/Users/tonisutomo/Documents/tomcat7
Jan 25, 2018 10:38:37 AM org.apache.catalina.startup.VersionLoggerListener log
INFO: Command line argument: -Dcatalina.home=/Users/tonisutomo/Documents/tomcat7
Jan 25, 2018 10:38:37 AM org.apache.catalina.startup.VersionLoggerListener log
INFO: Command line argument: -Djava.io.tmpdir=/Users/tonisutomo/Documents/tomcat7/temp
Jan 25, 2018 10:38:37 AM org.apache.catalina.core.AprLifecycleListener lifecycleEvent
INFO: The APR based Apache Tomcat Native library which allows optimal performance in production environments was not found on the java.library.path: /Users/tonisutomo/Library/Java/Extensions:/Library/Java/Extensions:/Network/Library/Java/Extensions:/System/Library/Java/Extensions:/usr/lib/java:.
Jan 25, 2018 10:38:37 AM org.apache.coyote.AbstractProtocol init
INFO: Initializing ProtocolHandler ["http-bio-8080"]
Jan 25, 2018 10:38:37 AM org.apache.coyote.AbstractProtocol init
INFO: Initializing ProtocolHandler ["ajp-bio-8009"]
Jan 25, 2018 10:38:37 AM org.apache.catalina.startup.Catalina load
INFO: Initialization processed in 632 ms
Jan 25, 2018 10:38:37 AM org.apache.catalina.core.StandardService startInternal
INFO: Starting service Catalina
Jan 25, 2018 10:38:37 AM org.apache.catalina.core.StandardEngine startInternal
INFO: Starting Servlet Engine: Apache Tomcat/7.0.82
Jan 25, 2018 10:38:37 AM org.apache.catalina.startup.HostConfig deployWAR
INFO: Deploying web application archive /Users/tonisutomo/Documents/tomcat7/webapps/world.war
Jan 25, 2018 10:38:40 AM org.apache.catalina.startup.TaglibUriRule body
INFO: TLD skipped. URI: http://java.sun.com/jsp/jstl/core is already defined
Jan 25, 2018 10:38:40 AM org.apache.catalina.startup.TaglibUriRule body
INFO: TLD skipped. URI: http://java.sun.com/jsp/jstl/fmt is already defined
Jan 25, 2018 10:38:40 AM org.apache.catalina.startup.TaglibUriRule body
INFO: TLD skipped. URI: http://www.springframework.org/tags is already defined
Jan 25, 2018 10:38:40 AM org.apache.catalina.startup.TaglibUriRule body
INFO: TLD skipped. URI: http://www.springframework.org/tags/form is already defined
Jan 25, 2018 10:38:40 AM org.apache.catalina.startup.TldConfig execute
INFO: At least one JAR was scanned for TLDs yet contained no TLDs. Enable debug logging for this logger for a complete list of JARs that were scanned but no TLDs were found in them. Skipping unneeded JARs during scanning can improve startup time and JSP compilation time.
Jan 25, 2018 10:38:47 AM org.apache.catalina.startup.HostConfig deployWAR
INFO: Deployment of web application archive /Users/tonisutomo/Documents/tomcat7/webapps/world.war has finished in 9,216 ms
Jan 25, 2018 10:38:47 AM org.apache.catalina.startup.HostConfig deployDirectory
INFO: Deploying web application directory /Users/tonisutomo/Documents/tomcat7/webapps/docs
Jan 25, 2018 10:38:47 AM org.apache.catalina.startup.HostConfig deployDirectory
INFO: Deployment of web application directory /Users/tonisutomo/Documents/tomcat7/webapps/docs has finished in 33 ms
Jan 25, 2018 10:38:47 AM org.apache.catalina.startup.HostConfig deployDirectory
INFO: Deploying web application directory /Users/tonisutomo/Documents/tomcat7/webapps/manager
Jan 25, 2018 10:38:47 AM org.apache.catalina.startup.HostConfig deployDirectory
INFO: Deployment of web application directory /Users/tonisutomo/Documents/tomcat7/webapps/manager has finished in 55 ms
Jan 25, 2018 10:38:47 AM org.apache.catalina.startup.HostConfig deployDirectory
INFO: Deploying web application directory /Users/tonisutomo/Documents/tomcat7/webapps/examples
Jan 25, 2018 10:38:47 AM org.apache.catalina.startup.HostConfig deployDirectory
INFO: Deployment of web application directory /Users/tonisutomo/Documents/tomcat7/webapps/examples has finished in 726 ms
Jan 25, 2018 10:38:47 AM org.apache.catalina.startup.HostConfig deployDirectory
INFO: Deploying web application directory /Users/tonisutomo/Documents/tomcat7/webapps/ROOT
Jan 25, 2018 10:38:47 AM org.apache.catalina.startup.HostConfig deployDirectory
INFO: Deployment of web application directory /Users/tonisutomo/Documents/tomcat7/webapps/ROOT has finished in 24 ms
Jan 25, 2018 10:38:47 AM org.apache.catalina.startup.HostConfig deployDirectory
INFO: Deploying web application directory /Users/tonisutomo/Documents/tomcat7/webapps/host-manager
Jan 25, 2018 10:38:48 AM org.apache.catalina.startup.HostConfig deployDirectory
INFO: Deployment of web application directory /Users/tonisutomo/Documents/tomcat7/webapps/host-manager has finished in 35 ms
Jan 25, 2018 10:38:48 AM org.apache.coyote.AbstractProtocol start
INFO: Starting ProtocolHandler ["http-bio-8080"]
Jan 25, 2018 10:38:48 AM org.apache.coyote.AbstractProtocol start
INFO: Starting ProtocolHandler ["ajp-bio-8009"]
Jan 25, 2018 10:38:48 AM org.apache.catalina.startup.Catalina start
INFO: Server startup in 10156 ms
Jan 25, 2018 11:00:27 AM org.apache.catalina.core.StandardServer await
INFO: A valid shutdown command was received via the shutdown port. Stopping the Server instance.
Jan 25, 2018 11:00:27 AM org.apache.coyote.AbstractProtocol pause
INFO: Pausing ProtocolHandler ["http-bio-8080"]
Jan 25, 2018 11:00:27 AM org.apache.coyote.AbstractProtocol pause
INFO: Pausing ProtocolHandler ["ajp-bio-8009"]
Jan 25, 2018 11:00:27 AM org.apache.catalina.core.StandardService stopInternal
INFO: Stopping service Catalina
Jan 25, 2018 11:00:28 AM org.apache.catalina.loader.WebappClassLoaderBase clearReferencesThreads
SEVERE: The web application [/world] appears to have started a thread named [PoolCleaner[580498953:1516852828047]] but has failed to stop it. This is very likely to create a memory leak.
Jan 25, 2018 11:00:28 AM org.apache.coyote.AbstractProtocol stop
INFO: Stopping ProtocolHandler ["http-bio-8080"]
Jan 25, 2018 11:00:28 AM org.apache.coyote.AbstractProtocol stop
INFO: Stopping ProtocolHandler ["ajp-bio-8009"]
Jan 25, 2018 11:00:28 AM org.apache.coyote.AbstractProtocol destroy
INFO: Destroying ProtocolHandler ["http-bio-8080"]
Jan 25, 2018 11:00:28 AM org.apache.coyote.AbstractProtocol destroy
INFO: Destroying ProtocolHandler ["ajp-bio-8009"]
Jan 25, 2018 11:00:36 AM org.apache.catalina.startup.VersionLoggerListener log
INFO: Server version:        Apache Tomcat/7.0.82
Jan 25, 2018 11:00:36 AM org.apache.catalina.startup.VersionLoggerListener log
INFO: Server built:          Sep 29 2017 12:23:15 UTC
Jan 25, 2018 11:00:36 AM org.apache.catalina.startup.VersionLoggerListener log
INFO: Server number:         7.0.82.0
Jan 25, 2018 11:00:36 AM org.apache.catalina.startup.VersionLoggerListener log
INFO: OS Name:               Mac OS X
Jan 25, 2018 11:00:36 AM org.apache.catalina.startup.VersionLoggerListener log
INFO: OS Version:            10.13.2
Jan 25, 2018 11:00:36 AM org.apache.catalina.startup.VersionLoggerListener log
INFO: Architecture:          x86_64
Jan 25, 2018 11:00:36 AM org.apache.catalina.startup.VersionLoggerListener log
INFO: Java Home:             /Library/Java/JavaVirtualMachines/jdk1.7.0_80.jdk/Contents/Home/jre
Jan 25, 2018 11:00:36 AM org.apache.catalina.startup.VersionLoggerListener log
INFO: JVM Version:           1.7.0_80-b15
Jan 25, 2018 11:00:36 AM org.apache.catalina.startup.VersionLoggerListener log
INFO: JVM Vendor:            Oracle Corporation
Jan 25, 2018 11:00:36 AM org.apache.catalina.startup.VersionLoggerListener log
INFO: CATALINA_BASE:         /Users/tonisutomo/Documents/tomcat7
Jan 25, 2018 11:00:36 AM org.apache.catalina.startup.VersionLoggerListener log
INFO: CATALINA_HOME:         /Users/tonisutomo/Documents/tomcat7
Jan 25, 2018 11:00:36 AM org.apache.catalina.startup.VersionLoggerListener log
INFO: Command line argument: -Djava.util.logging.config.file=/Users/tonisutomo/Documents/tomcat7/conf/logging.properties
Jan 25, 2018 11:00:36 AM org.apache.catalina.startup.VersionLoggerListener log
INFO: Command line argument: -Djava.util.logging.manager=org.apache.juli.ClassLoaderLogManager
Jan 25, 2018 11:00:36 AM org.apache.catalina.startup.VersionLoggerListener log
INFO: Command line argument: -Djdk.tls.ephemeralDHKeySize=2048
Jan 25, 2018 11:00:36 AM org.apache.catalina.startup.VersionLoggerListener log
INFO: Command line argument: -Djava.endorsed.dirs=/Users/tonisutomo/Documents/tomcat7/endorsed
Jan 25, 2018 11:00:36 AM org.apache.catalina.startup.VersionLoggerListener log
INFO: Command line argument: -Dcatalina.base=/Users/tonisutomo/Documents/tomcat7
Jan 25, 2018 11:00:36 AM org.apache.catalina.startup.VersionLoggerListener log
INFO: Command line argument: -Dcatalina.home=/Users/tonisutomo/Documents/tomcat7
Jan 25, 2018 11:00:36 AM org.apache.catalina.startup.VersionLoggerListener log
INFO: Command line argument: -Djava.io.tmpdir=/Users/tonisutomo/Documents/tomcat7/temp
Jan 25, 2018 11:00:36 AM org.apache.catalina.core.AprLifecycleListener lifecycleEvent
INFO: The APR based Apache Tomcat Native library which allows optimal performance in production environments was not found on the java.library.path: /Users/tonisutomo/Library/Java/Extensions:/Library/Java/Extensions:/Network/Library/Java/Extensions:/System/Library/Java/Extensions:/usr/lib/java:.
Jan 25, 2018 11:00:36 AM org.apache.coyote.AbstractProtocol init
INFO: Initializing ProtocolHandler ["http-bio-8080"]
Jan 25, 2018 11:00:36 AM org.apache.coyote.AbstractProtocol init
INFO: Initializing ProtocolHandler ["ajp-bio-8009"]
Jan 25, 2018 11:00:36 AM org.apache.catalina.startup.Catalina load
INFO: Initialization processed in 506 ms
Jan 25, 2018 11:00:36 AM org.apache.catalina.core.StandardService startInternal
INFO: Starting service Catalina
Jan 25, 2018 11:00:36 AM org.apache.catalina.core.StandardEngine startInternal
INFO: Starting Servlet Engine: Apache Tomcat/7.0.82
Jan 25, 2018 11:00:36 AM org.apache.catalina.startup.HostConfig deployWAR
INFO: Deploying web application archive /Users/tonisutomo/Documents/tomcat7/webapps/world.war
Jan 25, 2018 11:00:39 AM org.apache.catalina.startup.TaglibUriRule body
INFO: TLD skipped. URI: http://java.sun.com/jsp/jstl/core is already defined
Jan 25, 2018 11:00:39 AM org.apache.catalina.startup.TaglibUriRule body
INFO: TLD skipped. URI: http://java.sun.com/jsp/jstl/fmt is already defined
Jan 25, 2018 11:00:39 AM org.apache.catalina.startup.TaglibUriRule body
INFO: TLD skipped. URI: http://www.springframework.org/tags is already defined
Jan 25, 2018 11:00:39 AM org.apache.catalina.startup.TaglibUriRule body
INFO: TLD skipped. URI: http://www.springframework.org/tags/form is already defined
Jan 25, 2018 11:00:39 AM org.apache.catalina.startup.TldConfig execute
INFO: At least one JAR was scanned for TLDs yet contained no TLDs. Enable debug logging for this logger for a complete list of JARs that were scanned but no TLDs were found in them. Skipping unneeded JARs during scanning can improve startup time and JSP compilation time.
Jan 25, 2018 11:00:47 AM org.apache.catalina.startup.HostConfig deployWAR
INFO: Deployment of web application archive /Users/tonisutomo/Documents/tomcat7/webapps/world.war has finished in 10,404 ms
Jan 25, 2018 11:00:47 AM org.apache.catalina.startup.HostConfig deployDirectory
INFO: Deploying web application directory /Users/tonisutomo/Documents/tomcat7/webapps/docs
Jan 25, 2018 11:00:47 AM org.apache.catalina.startup.HostConfig deployDirectory
INFO: Deployment of web application directory /Users/tonisutomo/Documents/tomcat7/webapps/docs has finished in 37 ms
Jan 25, 2018 11:00:47 AM org.apache.catalina.startup.HostConfig deployDirectory
INFO: Deploying web application directory /Users/tonisutomo/Documents/tomcat7/webapps/manager
Jan 25, 2018 11:00:47 AM org.apache.catalina.startup.HostConfig deployDirectory
INFO: Deployment of web application directory /Users/tonisutomo/Documents/tomcat7/webapps/manager has finished in 54 ms
Jan 25, 2018 11:00:47 AM org.apache.catalina.startup.HostConfig deployDirectory
INFO: Deploying web application directory /Users/tonisutomo/Documents/tomcat7/webapps/examples
Jan 25, 2018 11:00:47 AM org.apache.catalina.startup.HostConfig deployDirectory
INFO: Deployment of web application directory /Users/tonisutomo/Documents/tomcat7/webapps/examples has finished in 226 ms
Jan 25, 2018 11:00:47 AM org.apache.catalina.startup.HostConfig deployDirectory
INFO: Deploying web application directory /Users/tonisutomo/Documents/tomcat7/webapps/ROOT
Jan 25, 2018 11:00:47 AM org.apache.catalina.startup.HostConfig deployDirectory
INFO: Deployment of web application directory /Users/tonisutomo/Documents/tomcat7/webapps/ROOT has finished in 44 ms
Jan 25, 2018 11:00:47 AM org.apache.catalina.startup.HostConfig deployDirectory
INFO: Deploying web application directory /Users/tonisutomo/Documents/tomcat7/webapps/host-manager
Jan 25, 2018 11:00:47 AM org.apache.catalina.startup.HostConfig deployDirectory
INFO: Deployment of web application directory /Users/tonisutomo/Documents/tomcat7/webapps/host-manager has finished in 49 ms
Jan 25, 2018 11:00:47 AM org.apache.coyote.AbstractProtocol start
INFO: Starting ProtocolHandler ["http-bio-8080"]
Jan 25, 2018 11:00:47 AM org.apache.coyote.AbstractProtocol start
INFO: Starting ProtocolHandler ["ajp-bio-8009"]
Jan 25, 2018 11:00:47 AM org.apache.catalina.startup.Catalina start
INFO: Server startup in 10889 ms
Jan 25, 2018 11:02:52 AM org.apache.catalina.core.StandardServer await
INFO: A valid shutdown command was received via the shutdown port. Stopping the Server instance.
Jan 25, 2018 11:02:52 AM org.apache.coyote.AbstractProtocol pause
INFO: Pausing ProtocolHandler ["http-bio-8080"]
Jan 25, 2018 11:02:52 AM org.apache.coyote.AbstractProtocol pause
INFO: Pausing ProtocolHandler ["ajp-bio-8009"]
Jan 25, 2018 11:02:52 AM org.apache.catalina.core.StandardService stopInternal
INFO: Stopping service Catalina
Jan 25, 2018 11:02:52 AM org.apache.catalina.loader.WebappClassLoaderBase clearReferencesThreads
SEVERE: The web application [/world] appears to have started a thread named [PoolCleaner[182918114:1516852972428]] but has failed to stop it. This is very likely to create a memory leak.
Jan 25, 2018 11:02:52 AM org.apache.coyote.AbstractProtocol stop
INFO: Stopping ProtocolHandler ["http-bio-8080"]
Jan 25, 2018 11:02:52 AM org.apache.coyote.AbstractProtocol stop
INFO: Stopping ProtocolHandler ["ajp-bio-8009"]
Jan 25, 2018 11:02:52 AM org.apache.coyote.AbstractProtocol destroy
INFO: Destroying ProtocolHandler ["http-bio-8080"]
Jan 25, 2018 11:02:52 AM org.apache.coyote.AbstractProtocol destroy
INFO: Destroying ProtocolHandler ["ajp-bio-8009"]
Jan 25, 2018 11:03:10 AM org.apache.catalina.startup.VersionLoggerListener log
INFO: Server version:        Apache Tomcat/7.0.82
Jan 25, 2018 11:03:10 AM org.apache.catalina.startup.VersionLoggerListener log
INFO: Server built:          Sep 29 2017 12:23:15 UTC
Jan 25, 2018 11:03:10 AM org.apache.catalina.startup.VersionLoggerListener log
INFO: Server number:         7.0.82.0
Jan 25, 2018 11:03:10 AM org.apache.catalina.startup.VersionLoggerListener log
INFO: OS Name:               Mac OS X
Jan 25, 2018 11:03:10 AM org.apache.catalina.startup.VersionLoggerListener log
INFO: OS Version:            10.13.2
Jan 25, 2018 11:03:10 AM org.apache.catalina.startup.VersionLoggerListener log
INFO: Architecture:          x86_64
Jan 25, 2018 11:03:10 AM org.apache.catalina.startup.VersionLoggerListener log
INFO: Java Home:             /Library/Java/JavaVirtualMachines/jdk1.7.0_80.jdk/Contents/Home/jre
Jan 25, 2018 11:03:10 AM org.apache.catalina.startup.VersionLoggerListener log
INFO: JVM Version:           1.7.0_80-b15
Jan 25, 2018 11:03:10 AM org.apache.catalina.startup.VersionLoggerListener log
INFO: JVM Vendor:            Oracle Corporation
Jan 25, 2018 11:03:10 AM org.apache.catalina.startup.VersionLoggerListener log
INFO: CATALINA_BASE:         /Users/tonisutomo/Documents/tomcat7
Jan 25, 2018 11:03:10 AM org.apache.catalina.startup.VersionLoggerListener log
INFO: CATALINA_HOME:         /Users/tonisutomo/Documents/tomcat7
Jan 25, 2018 11:03:10 AM org.apache.catalina.startup.VersionLoggerListener log
INFO: Command line argument: -Djava.util.logging.config.file=/Users/tonisutomo/Documents/tomcat7/conf/logging.properties
Jan 25, 2018 11:03:10 AM org.apache.catalina.startup.VersionLoggerListener log
INFO: Command line argument: -Djava.util.logging.manager=org.apache.juli.ClassLoaderLogManager
Jan 25, 2018 11:03:10 AM org.apache.catalina.startup.VersionLoggerListener log
INFO: Command line argument: -Djdk.tls.ephemeralDHKeySize=2048
Jan 25, 2018 11:03:10 AM org.apache.catalina.startup.VersionLoggerListener log
INFO: Command line argument: -Djava.endorsed.dirs=/Users/tonisutomo/Documents/tomcat7/endorsed
Jan 25, 2018 11:03:10 AM org.apache.catalina.startup.VersionLoggerListener log
INFO: Command line argument: -Dcatalina.base=/Users/tonisutomo/Documents/tomcat7
Jan 25, 2018 11:03:10 AM org.apache.catalina.startup.VersionLoggerListener log
INFO: Command line argument: -Dcatalina.home=/Users/tonisutomo/Documents/tomcat7
Jan 25, 2018 11:03:10 AM org.apache.catalina.startup.VersionLoggerListener log
INFO: Command line argument: -Djava.io.tmpdir=/Users/tonisutomo/Documents/tomcat7/temp
Jan 25, 2018 11:03:10 AM org.apache.catalina.core.AprLifecycleListener lifecycleEvent
INFO: The APR based Apache Tomcat Native library which allows optimal performance in production environments was not found on the java.library.path: /Users/tonisutomo/Library/Java/Extensions:/Library/Java/Extensions:/Network/Library/Java/Extensions:/System/Library/Java/Extensions:/usr/lib/java:.
Jan 25, 2018 11:03:10 AM org.apache.coyote.AbstractProtocol init
INFO: Initializing ProtocolHandler ["http-bio-8080"]
Jan 25, 2018 11:03:10 AM org.apache.coyote.AbstractProtocol init
INFO: Initializing ProtocolHandler ["ajp-bio-8009"]
Jan 25, 2018 11:03:10 AM org.apache.catalina.startup.Catalina load
INFO: Initialization processed in 498 ms
Jan 25, 2018 11:03:10 AM org.apache.catalina.core.StandardService startInternal
INFO: Starting service Catalina
Jan 25, 2018 11:03:10 AM org.apache.catalina.core.StandardEngine startInternal
INFO: Starting Servlet Engine: Apache Tomcat/7.0.82
Jan 25, 2018 11:03:10 AM org.apache.catalina.startup.HostConfig deployWAR
INFO: Deploying web application archive /Users/tonisutomo/Documents/tomcat7/webapps/world.war
Jan 25, 2018 11:03:13 AM org.apache.catalina.startup.TaglibUriRule body
INFO: TLD skipped. URI: http://java.sun.com/jsp/jstl/core is already defined
Jan 25, 2018 11:03:13 AM org.apache.catalina.startup.TaglibUriRule body
INFO: TLD skipped. URI: http://java.sun.com/jsp/jstl/fmt is already defined
Jan 25, 2018 11:03:13 AM org.apache.catalina.startup.TaglibUriRule body
INFO: TLD skipped. URI: http://www.springframework.org/tags is already defined
Jan 25, 2018 11:03:13 AM org.apache.catalina.startup.TaglibUriRule body
INFO: TLD skipped. URI: http://www.springframework.org/tags/form is already defined
Jan 25, 2018 11:03:13 AM org.apache.catalina.startup.TldConfig execute
INFO: At least one JAR was scanned for TLDs yet contained no TLDs. Enable debug logging for this logger for a complete list of JARs that were scanned but no TLDs were found in them. Skipping unneeded JARs during scanning can improve startup time and JSP compilation time.
Jan 25, 2018 11:03:21 AM org.apache.catalina.startup.HostConfig deployWAR
INFO: Deployment of web application archive /Users/tonisutomo/Documents/tomcat7/webapps/world.war has finished in 10,555 ms
Jan 25, 2018 11:03:21 AM org.apache.catalina.startup.HostConfig deployDirectory
INFO: Deploying web application directory /Users/tonisutomo/Documents/tomcat7/webapps/docs
Jan 25, 2018 11:03:21 AM org.apache.catalina.startup.HostConfig deployDirectory
INFO: Deployment of web application directory /Users/tonisutomo/Documents/tomcat7/webapps/docs has finished in 47 ms
Jan 25, 2018 11:03:21 AM org.apache.catalina.startup.HostConfig deployDirectory
INFO: Deploying web application directory /Users/tonisutomo/Documents/tomcat7/webapps/manager
Jan 25, 2018 11:03:21 AM org.apache.catalina.startup.HostConfig deployDirectory
INFO: Deployment of web application directory /Users/tonisutomo/Documents/tomcat7/webapps/manager has finished in 81 ms
Jan 25, 2018 11:03:21 AM org.apache.catalina.startup.HostConfig deployDirectory
INFO: Deploying web application directory /Users/tonisutomo/Documents/tomcat7/webapps/examples
Jan 25, 2018 11:03:21 AM org.apache.catalina.startup.HostConfig deployDirectory
INFO: Deployment of web application directory /Users/tonisutomo/Documents/tomcat7/webapps/examples has finished in 268 ms
Jan 25, 2018 11:03:21 AM org.apache.catalina.startup.HostConfig deployDirectory
INFO: Deploying web application directory /Users/tonisutomo/Documents/tomcat7/webapps/ROOT
Jan 25, 2018 11:03:21 AM org.apache.catalina.startup.HostConfig deployDirectory
INFO: Deployment of web application directory /Users/tonisutomo/Documents/tomcat7/webapps/ROOT has finished in 38 ms
Jan 25, 2018 11:03:21 AM org.apache.catalina.startup.HostConfig deployDirectory
INFO: Deploying web application directory /Users/tonisutomo/Documents/tomcat7/webapps/host-manager
Jan 25, 2018 11:03:21 AM org.apache.catalina.startup.HostConfig deployDirectory
INFO: Deployment of web application directory /Users/tonisutomo/Documents/tomcat7/webapps/host-manager has finished in 48 ms
Jan 25, 2018 11:03:21 AM org.apache.coyote.AbstractProtocol start
INFO: Starting ProtocolHandler ["http-bio-8080"]
Jan 25, 2018 11:03:21 AM org.apache.coyote.AbstractProtocol start
INFO: Starting ProtocolHandler ["ajp-bio-8009"]
Jan 25, 2018 11:03:21 AM org.apache.catalina.startup.Catalina start
INFO: Server startup in 11109 ms
Jan 25, 2018 11:05:40 AM org.apache.catalina.core.StandardServer await
INFO: A valid shutdown command was received via the shutdown port. Stopping the Server instance.
Jan 25, 2018 11:05:40 AM org.apache.coyote.AbstractProtocol pause
INFO: Pausing ProtocolHandler ["http-bio-8080"]
Jan 25, 2018 11:05:40 AM org.apache.coyote.AbstractProtocol pause
INFO: Pausing ProtocolHandler ["ajp-bio-8009"]
Jan 25, 2018 11:05:40 AM org.apache.catalina.core.StandardService stopInternal
INFO: Stopping service Catalina
Jan 25, 2018 11:05:40 AM org.apache.catalina.loader.WebappClassLoaderBase clearReferencesThreads
SEVERE: The web application [/world] appears to have started a thread named [PoolCleaner[1904086644:1516853140905]] but has failed to stop it. This is very likely to create a memory leak.
Jan 25, 2018 11:05:40 AM org.apache.coyote.AbstractProtocol stop
INFO: Stopping ProtocolHandler ["http-bio-8080"]
Jan 25, 2018 11:05:40 AM org.apache.coyote.AbstractProtocol stop
INFO: Stopping ProtocolHandler ["ajp-bio-8009"]
Jan 25, 2018 11:05:40 AM org.apache.coyote.AbstractProtocol destroy
INFO: Destroying ProtocolHandler ["http-bio-8080"]
Jan 25, 2018 11:05:40 AM org.apache.coyote.AbstractProtocol destroy
INFO: Destroying ProtocolHandler ["ajp-bio-8009"]
Jan 25, 2018 11:05:43 AM org.apache.catalina.startup.VersionLoggerListener log
INFO: Server version:        Apache Tomcat/7.0.82
Jan 25, 2018 11:05:43 AM org.apache.catalina.startup.VersionLoggerListener log
INFO: Server built:          Sep 29 2017 12:23:15 UTC
Jan 25, 2018 11:05:43 AM org.apache.catalina.startup.VersionLoggerListener log
INFO: Server number:         7.0.82.0
Jan 25, 2018 11:05:43 AM org.apache.catalina.startup.VersionLoggerListener log
INFO: OS Name:               Mac OS X
Jan 25, 2018 11:05:43 AM org.apache.catalina.startup.VersionLoggerListener log
INFO: OS Version:            10.13.2
Jan 25, 2018 11:05:43 AM org.apache.catalina.startup.VersionLoggerListener log
INFO: Architecture:          x86_64
Jan 25, 2018 11:05:43 AM org.apache.catalina.startup.VersionLoggerListener log
INFO: Java Home:             /Library/Java/JavaVirtualMachines/jdk1.7.0_80.jdk/Contents/Home/jre
Jan 25, 2018 11:05:43 AM org.apache.catalina.startup.VersionLoggerListener log
INFO: JVM Version:           1.7.0_80-b15
Jan 25, 2018 11:05:43 AM org.apache.catalina.startup.VersionLoggerListener log
INFO: JVM Vendor:            Oracle Corporation
Jan 25, 2018 11:05:43 AM org.apache.catalina.startup.VersionLoggerListener log
INFO: CATALINA_BASE:         /Users/tonisutomo/Documents/tomcat7
Jan 25, 2018 11:05:43 AM org.apache.catalina.startup.VersionLoggerListener log
INFO: CATALINA_HOME:         /Users/tonisutomo/Documents/tomcat7
Jan 25, 2018 11:05:43 AM org.apache.catalina.startup.VersionLoggerListener log
INFO: Command line argument: -Djava.util.logging.config.file=/Users/tonisutomo/Documents/tomcat7/conf/logging.properties
Jan 25, 2018 11:05:43 AM org.apache.catalina.startup.VersionLoggerListener log
INFO: Command line argument: -Djava.util.logging.manager=org.apache.juli.ClassLoaderLogManager
Jan 25, 2018 11:05:43 AM org.apache.catalina.startup.VersionLoggerListener log
INFO: Command line argument: -Djdk.tls.ephemeralDHKeySize=2048
Jan 25, 2018 11:05:43 AM org.apache.catalina.startup.VersionLoggerListener log
INFO: Command line argument: -Djava.endorsed.dirs=/Users/tonisutomo/Documents/tomcat7/endorsed
Jan 25, 2018 11:05:43 AM org.apache.catalina.startup.VersionLoggerListener log
INFO: Command line argument: -Dcatalina.base=/Users/tonisutomo/Documents/tomcat7
Jan 25, 2018 11:05:43 AM org.apache.catalina.startup.VersionLoggerListener log
INFO: Command line argument: -Dcatalina.home=/Users/tonisutomo/Documents/tomcat7
Jan 25, 2018 11:05:43 AM org.apache.catalina.startup.VersionLoggerListener log
INFO: Command line argument: -Djava.io.tmpdir=/Users/tonisutomo/Documents/tomcat7/temp
Jan 25, 2018 11:05:43 AM org.apache.catalina.core.AprLifecycleListener lifecycleEvent
INFO: The APR based Apache Tomcat Native library which allows optimal performance in production environments was not found on the java.library.path: /Users/tonisutomo/Library/Java/Extensions:/Library/Java/Extensions:/Network/Library/Java/Extensions:/System/Library/Java/Extensions:/usr/lib/java:.
Jan 25, 2018 11:05:44 AM org.apache.coyote.AbstractProtocol init
INFO: Initializing ProtocolHandler ["http-bio-8080"]
Jan 25, 2018 11:05:44 AM org.apache.coyote.AbstractProtocol init
INFO: Initializing ProtocolHandler ["ajp-bio-8009"]
Jan 25, 2018 11:05:44 AM org.apache.catalina.startup.Catalina load
INFO: Initialization processed in 521 ms
Jan 25, 2018 11:05:44 AM org.apache.catalina.core.StandardService startInternal
INFO: Starting service Catalina
Jan 25, 2018 11:05:44 AM org.apache.catalina.core.StandardEngine startInternal
INFO: Starting Servlet Engine: Apache Tomcat/7.0.82
Jan 25, 2018 11:05:44 AM org.apache.catalina.startup.HostConfig deployWAR
INFO: Deploying web application archive /Users/tonisutomo/Documents/tomcat7/webapps/world.war
Jan 25, 2018 11:05:46 AM org.apache.catalina.startup.TaglibUriRule body
INFO: TLD skipped. URI: http://java.sun.com/jsp/jstl/core is already defined
Jan 25, 2018 11:05:46 AM org.apache.catalina.startup.TaglibUriRule body
INFO: TLD skipped. URI: http://java.sun.com/jsp/jstl/fmt is already defined
Jan 25, 2018 11:05:46 AM org.apache.catalina.startup.TaglibUriRule body
INFO: TLD skipped. URI: http://www.springframework.org/tags is already defined
Jan 25, 2018 11:05:46 AM org.apache.catalina.startup.TaglibUriRule body
INFO: TLD skipped. URI: http://www.springframework.org/tags/form is already defined
Jan 25, 2018 11:05:46 AM org.apache.catalina.startup.TldConfig execute
INFO: At least one JAR was scanned for TLDs yet contained no TLDs. Enable debug logging for this logger for a complete list of JARs that were scanned but no TLDs were found in them. Skipping unneeded JARs during scanning can improve startup time and JSP compilation time.
Jan 25, 2018 11:05:53 AM org.apache.catalina.startup.HostConfig deployWAR
INFO: Deployment of web application archive /Users/tonisutomo/Documents/tomcat7/webapps/world.war has finished in 9,717 ms
Jan 25, 2018 11:05:53 AM org.apache.catalina.startup.HostConfig deployDirectory
INFO: Deploying web application directory /Users/tonisutomo/Documents/tomcat7/webapps/docs
Jan 25, 2018 11:05:53 AM org.apache.catalina.startup.HostConfig deployDirectory
INFO: Deployment of web application directory /Users/tonisutomo/Documents/tomcat7/webapps/docs has finished in 57 ms
Jan 25, 2018 11:05:53 AM org.apache.catalina.startup.HostConfig deployDirectory
INFO: Deploying web application directory /Users/tonisutomo/Documents/tomcat7/webapps/manager
Jan 25, 2018 11:05:54 AM org.apache.catalina.startup.HostConfig deployDirectory
INFO: Deployment of web application directory /Users/tonisutomo/Documents/tomcat7/webapps/manager has finished in 81 ms
Jan 25, 2018 11:05:54 AM org.apache.catalina.startup.HostConfig deployDirectory
INFO: Deploying web application directory /Users/tonisutomo/Documents/tomcat7/webapps/examples
Jan 25, 2018 11:05:54 AM org.apache.catalina.startup.HostConfig deployDirectory
INFO: Deployment of web application directory /Users/tonisutomo/Documents/tomcat7/webapps/examples has finished in 264 ms
Jan 25, 2018 11:05:54 AM org.apache.catalina.startup.HostConfig deployDirectory
INFO: Deploying web application directory /Users/tonisutomo/Documents/tomcat7/webapps/ROOT
Jan 25, 2018 11:05:54 AM org.apache.catalina.startup.HostConfig deployDirectory
INFO: Deployment of web application directory /Users/tonisutomo/Documents/tomcat7/webapps/ROOT has finished in 35 ms
Jan 25, 2018 11:05:54 AM org.apache.catalina.startup.HostConfig deployDirectory
INFO: Deploying web application directory /Users/tonisutomo/Documents/tomcat7/webapps/host-manager
Jan 25, 2018 11:05:54 AM org.apache.catalina.startup.HostConfig deployDirectory
INFO: Deployment of web application directory /Users/tonisutomo/Documents/tomcat7/webapps/host-manager has finished in 639 ms
Jan 25, 2018 11:05:54 AM org.apache.coyote.AbstractProtocol start
INFO: Starting ProtocolHandler ["http-bio-8080"]
Jan 25, 2018 11:05:54 AM org.apache.coyote.AbstractProtocol start
INFO: Starting ProtocolHandler ["ajp-bio-8009"]
Jan 25, 2018 11:05:54 AM org.apache.catalina.startup.Catalina start
INFO: Server startup in 10863 ms
Jan 25, 2018 1:19:15 PM org.apache.catalina.core.StandardServer await
INFO: A valid shutdown command was received via the shutdown port. Stopping the Server instance.
Jan 25, 2018 1:19:15 PM org.apache.coyote.AbstractProtocol pause
INFO: Pausing ProtocolHandler ["http-bio-8080"]
Jan 25, 2018 1:19:15 PM org.apache.coyote.AbstractProtocol pause
INFO: Pausing ProtocolHandler ["ajp-bio-8009"]
Jan 25, 2018 1:19:15 PM org.apache.catalina.core.StandardService stopInternal
INFO: Stopping service Catalina
Jan 25, 2018 1:19:16 PM org.apache.catalina.loader.WebappClassLoaderBase clearReferencesThreads
SEVERE: The web application [/world] appears to have started a thread named [PoolCleaner[1904086644:1516861156763]] but has failed to stop it. This is very likely to create a memory leak.
Jan 25, 2018 1:19:16 PM org.apache.coyote.AbstractProtocol stop
INFO: Stopping ProtocolHandler ["http-bio-8080"]
Jan 25, 2018 1:19:16 PM org.apache.coyote.AbstractProtocol stop
INFO: Stopping ProtocolHandler ["ajp-bio-8009"]
Jan 25, 2018 1:19:16 PM org.apache.coyote.AbstractProtocol destroy
INFO: Destroying ProtocolHandler ["http-bio-8080"]
Jan 25, 2018 1:19:16 PM org.apache.coyote.AbstractProtocol destroy
INFO: Destroying ProtocolHandler ["ajp-bio-8009"]
