Mar 14, 2018 1:10:43 PM org.apache.catalina.startup.VersionLoggerListener log
INFO: Server version:        Apache Tomcat/7.0.82
Mar 14, 2018 1:10:43 PM org.apache.catalina.startup.VersionLoggerListener log
INFO: Server built:          Sep 29 2017 12:23:15 UTC
Mar 14, 2018 1:10:43 PM org.apache.catalina.startup.VersionLoggerListener log
INFO: Server number:         7.0.82.0
Mar 14, 2018 1:10:43 PM org.apache.catalina.startup.VersionLoggerListener log
INFO: OS Name:               Mac OS X
Mar 14, 2018 1:10:43 PM org.apache.catalina.startup.VersionLoggerListener log
INFO: OS Version:            10.13.3
Mar 14, 2018 1:10:43 PM org.apache.catalina.startup.VersionLoggerListener log
INFO: Architecture:          x86_64
Mar 14, 2018 1:10:43 PM org.apache.catalina.startup.VersionLoggerListener log
INFO: Java Home:             /Library/Java/JavaVirtualMachines/jdk1.7.0_80.jdk/Contents/Home/jre
Mar 14, 2018 1:10:43 PM org.apache.catalina.startup.VersionLoggerListener log
INFO: JVM Version:           1.7.0_80-b15
Mar 14, 2018 1:10:43 PM org.apache.catalina.startup.VersionLoggerListener log
INFO: JVM Vendor:            Oracle Corporation
Mar 14, 2018 1:10:43 PM org.apache.catalina.startup.VersionLoggerListener log
INFO: CATALINA_BASE:         /Users/tonisutomo/Documents/tomcat7
Mar 14, 2018 1:10:43 PM org.apache.catalina.startup.VersionLoggerListener log
INFO: CATALINA_HOME:         /Users/tonisutomo/Documents/tomcat7
Mar 14, 2018 1:10:43 PM org.apache.catalina.startup.VersionLoggerListener log
INFO: Command line argument: -Djava.util.logging.config.file=/Users/tonisutomo/Documents/tomcat7/conf/logging.properties
Mar 14, 2018 1:10:43 PM org.apache.catalina.startup.VersionLoggerListener log
INFO: Command line argument: -Djava.util.logging.manager=org.apache.juli.ClassLoaderLogManager
Mar 14, 2018 1:10:43 PM org.apache.catalina.startup.VersionLoggerListener log
INFO: Command line argument: -Djdk.tls.ephemeralDHKeySize=2048
Mar 14, 2018 1:10:43 PM org.apache.catalina.startup.VersionLoggerListener log
INFO: Command line argument: -Djava.endorsed.dirs=/Users/tonisutomo/Documents/tomcat7/endorsed
Mar 14, 2018 1:10:43 PM org.apache.catalina.startup.VersionLoggerListener log
INFO: Command line argument: -Dcatalina.base=/Users/tonisutomo/Documents/tomcat7
Mar 14, 2018 1:10:43 PM org.apache.catalina.startup.VersionLoggerListener log
INFO: Command line argument: -Dcatalina.home=/Users/tonisutomo/Documents/tomcat7
Mar 14, 2018 1:10:43 PM org.apache.catalina.startup.VersionLoggerListener log
INFO: Command line argument: -Djava.io.tmpdir=/Users/tonisutomo/Documents/tomcat7/temp
Mar 14, 2018 1:10:43 PM org.apache.catalina.core.AprLifecycleListener lifecycleEvent
INFO: The APR based Apache Tomcat Native library which allows optimal performance in production environments was not found on the java.library.path: /Users/tonisutomo/Library/Java/Extensions:/Library/Java/Extensions:/Network/Library/Java/Extensions:/System/Library/Java/Extensions:/usr/lib/java:.
Mar 14, 2018 1:10:43 PM org.apache.coyote.AbstractProtocol init
INFO: Initializing ProtocolHandler ["http-bio-8080"]
Mar 14, 2018 1:10:44 PM org.apache.coyote.AbstractProtocol init
INFO: Initializing ProtocolHandler ["ajp-bio-8009"]
Mar 14, 2018 1:10:44 PM org.apache.catalina.startup.Catalina load
INFO: Initialization processed in 545 ms
Mar 14, 2018 1:10:44 PM org.apache.catalina.core.StandardService startInternal
INFO: Starting service Catalina
Mar 14, 2018 1:10:44 PM org.apache.catalina.core.StandardEngine startInternal
INFO: Starting Servlet Engine: Apache Tomcat/7.0.82
Mar 14, 2018 1:10:44 PM org.apache.catalina.startup.HostConfig deployWAR
INFO: Deploying web application archive /Users/tonisutomo/Documents/tomcat7/webapps/rptk-server.war
Mar 14, 2018 1:10:50 PM org.apache.catalina.startup.TaglibUriRule body
INFO: TLD skipped. URI: http://java.sun.com/jsp/jstl/core is already defined
Mar 14, 2018 1:10:51 PM org.apache.catalina.startup.TaglibUriRule body
INFO: TLD skipped. URI: http://java.sun.com/jsp/jstl/fmt is already defined
Mar 14, 2018 1:10:51 PM org.apache.catalina.startup.TaglibUriRule body
INFO: TLD skipped. URI: http://www.springframework.org/tags is already defined
Mar 14, 2018 1:10:51 PM org.apache.catalina.startup.TaglibUriRule body
INFO: TLD skipped. URI: http://www.springframework.org/tags/form is already defined
Mar 14, 2018 1:10:51 PM org.apache.catalina.startup.TldConfig execute
INFO: At least one JAR was scanned for TLDs yet contained no TLDs. Enable debug logging for this logger for a complete list of JARs that were scanned but no TLDs were found in them. Skipping unneeded JARs during scanning can improve startup time and JSP compilation time.
Mar 14, 2018 1:11:10 PM org.apache.catalina.startup.HostConfig deployWAR
INFO: Deployment of web application archive /Users/tonisutomo/Documents/tomcat7/webapps/rptk-server.war has finished in 26,100 ms
Mar 14, 2018 1:11:10 PM org.apache.catalina.startup.HostConfig deployDirectory
INFO: Deploying web application directory /Users/tonisutomo/Documents/tomcat7/webapps/docs
Mar 14, 2018 1:11:10 PM org.apache.catalina.startup.HostConfig deployDirectory
INFO: Deployment of web application directory /Users/tonisutomo/Documents/tomcat7/webapps/docs has finished in 33 ms
Mar 14, 2018 1:11:10 PM org.apache.catalina.startup.HostConfig deployDirectory
INFO: Deploying web application directory /Users/tonisutomo/Documents/tomcat7/webapps/manager
Mar 14, 2018 1:11:10 PM org.apache.catalina.startup.HostConfig deployDirectory
INFO: Deployment of web application directory /Users/tonisutomo/Documents/tomcat7/webapps/manager has finished in 55 ms
Mar 14, 2018 1:11:10 PM org.apache.catalina.startup.HostConfig deployDirectory
INFO: Deploying web application directory /Users/tonisutomo/Documents/tomcat7/webapps/examples
Mar 14, 2018 1:11:10 PM org.apache.catalina.startup.HostConfig deployDirectory
INFO: Deployment of web application directory /Users/tonisutomo/Documents/tomcat7/webapps/examples has finished in 205 ms
Mar 14, 2018 1:11:10 PM org.apache.catalina.startup.HostConfig deployDirectory
INFO: Deploying web application directory /Users/tonisutomo/Documents/tomcat7/webapps/ROOT
Mar 14, 2018 1:11:10 PM org.apache.catalina.startup.HostConfig deployDirectory
INFO: Deployment of web application directory /Users/tonisutomo/Documents/tomcat7/webapps/ROOT has finished in 26 ms
Mar 14, 2018 1:11:10 PM org.apache.catalina.startup.HostConfig deployDirectory
INFO: Deploying web application directory /Users/tonisutomo/Documents/tomcat7/webapps/host-manager
Mar 14, 2018 1:11:10 PM org.apache.catalina.startup.HostConfig deployDirectory
INFO: Deployment of web application directory /Users/tonisutomo/Documents/tomcat7/webapps/host-manager has finished in 32 ms
Mar 14, 2018 1:11:10 PM org.apache.coyote.AbstractProtocol start
INFO: Starting ProtocolHandler ["http-bio-8080"]
Mar 14, 2018 1:11:10 PM org.apache.coyote.AbstractProtocol start
INFO: Starting ProtocolHandler ["ajp-bio-8009"]
Mar 14, 2018 1:11:10 PM org.apache.catalina.startup.Catalina start
INFO: Server startup in 26530 ms
Mar 14, 2018 2:00:22 PM org.apache.catalina.core.StandardServer await
INFO: A valid shutdown command was received via the shutdown port. Stopping the Server instance.
Mar 14, 2018 2:00:22 PM org.apache.coyote.AbstractProtocol pause
INFO: Pausing ProtocolHandler ["http-bio-8080"]
Mar 14, 2018 2:00:22 PM org.apache.coyote.AbstractProtocol pause
INFO: Pausing ProtocolHandler ["ajp-bio-8009"]
Mar 14, 2018 2:00:22 PM org.apache.catalina.core.StandardService stopInternal
INFO: Stopping service Catalina
Mar 14, 2018 2:03:24 PM org.apache.catalina.loader.WebappClassLoaderBase clearReferencesThreads
SEVERE: The web application [/rptk-server] appears to have started a thread named [PoolCleaner[656825419:1521011004551]] but has failed to stop it. This is very likely to create a memory leak.
Mar 14, 2018 2:03:24 PM org.apache.coyote.AbstractProtocol stop
INFO: Stopping ProtocolHandler ["http-bio-8080"]
Mar 14, 2018 2:03:24 PM org.apache.coyote.AbstractProtocol stop
INFO: Stopping ProtocolHandler ["ajp-bio-8009"]
Mar 14, 2018 2:03:24 PM org.apache.coyote.AbstractProtocol destroy
INFO: Destroying ProtocolHandler ["http-bio-8080"]
Mar 14, 2018 2:03:24 PM org.apache.coyote.AbstractProtocol destroy
INFO: Destroying ProtocolHandler ["ajp-bio-8009"]
