Jan 26, 2018 7:44:01 AM org.apache.catalina.startup.VersionLoggerListener log
INFO: Server version:        Apache Tomcat/7.0.82
Jan 26, 2018 7:44:01 AM org.apache.catalina.startup.VersionLoggerListener log
INFO: Server built:          Sep 29 2017 12:23:15 UTC
Jan 26, 2018 7:44:01 AM org.apache.catalina.startup.VersionLoggerListener log
INFO: Server number:         7.0.82.0
Jan 26, 2018 7:44:01 AM org.apache.catalina.startup.VersionLoggerListener log
INFO: OS Name:               Mac OS X
Jan 26, 2018 7:44:01 AM org.apache.catalina.startup.VersionLoggerListener log
INFO: OS Version:            10.13.2
Jan 26, 2018 7:44:01 AM org.apache.catalina.startup.VersionLoggerListener log
INFO: Architecture:          x86_64
Jan 26, 2018 7:44:01 AM org.apache.catalina.startup.VersionLoggerListener log
INFO: Java Home:             /Library/Java/JavaVirtualMachines/jdk1.7.0_80.jdk/Contents/Home/jre
Jan 26, 2018 7:44:01 AM org.apache.catalina.startup.VersionLoggerListener log
INFO: JVM Version:           1.7.0_80-b15
Jan 26, 2018 7:44:01 AM org.apache.catalina.startup.VersionLoggerListener log
INFO: JVM Vendor:            Oracle Corporation
Jan 26, 2018 7:44:01 AM org.apache.catalina.startup.VersionLoggerListener log
INFO: CATALINA_BASE:         /Users/tonisutomo/Documents/tomcat7
Jan 26, 2018 7:44:01 AM org.apache.catalina.startup.VersionLoggerListener log
INFO: CATALINA_HOME:         /Users/tonisutomo/Documents/tomcat7
Jan 26, 2018 7:44:01 AM org.apache.catalina.startup.VersionLoggerListener log
INFO: Command line argument: -Djava.util.logging.config.file=/Users/tonisutomo/Documents/tomcat7/conf/logging.properties
Jan 26, 2018 7:44:01 AM org.apache.catalina.startup.VersionLoggerListener log
INFO: Command line argument: -Djava.util.logging.manager=org.apache.juli.ClassLoaderLogManager
Jan 26, 2018 7:44:01 AM org.apache.catalina.startup.VersionLoggerListener log
INFO: Command line argument: -Djdk.tls.ephemeralDHKeySize=2048
Jan 26, 2018 7:44:01 AM org.apache.catalina.startup.VersionLoggerListener log
INFO: Command line argument: -Djava.endorsed.dirs=/Users/tonisutomo/Documents/tomcat7/endorsed
Jan 26, 2018 7:44:01 AM org.apache.catalina.startup.VersionLoggerListener log
INFO: Command line argument: -Dcatalina.base=/Users/tonisutomo/Documents/tomcat7
Jan 26, 2018 7:44:01 AM org.apache.catalina.startup.VersionLoggerListener log
INFO: Command line argument: -Dcatalina.home=/Users/tonisutomo/Documents/tomcat7
Jan 26, 2018 7:44:01 AM org.apache.catalina.startup.VersionLoggerListener log
INFO: Command line argument: -Djava.io.tmpdir=/Users/tonisutomo/Documents/tomcat7/temp
Jan 26, 2018 7:44:01 AM org.apache.catalina.core.AprLifecycleListener lifecycleEvent
INFO: The APR based Apache Tomcat Native library which allows optimal performance in production environments was not found on the java.library.path: /Users/tonisutomo/Library/Java/Extensions:/Library/Java/Extensions:/Network/Library/Java/Extensions:/System/Library/Java/Extensions:/usr/lib/java:.
Jan 26, 2018 7:44:01 AM org.apache.coyote.AbstractProtocol init
INFO: Initializing ProtocolHandler ["http-bio-8080"]
Jan 26, 2018 7:44:01 AM org.apache.coyote.AbstractProtocol init
INFO: Initializing ProtocolHandler ["ajp-bio-8009"]
Jan 26, 2018 7:44:01 AM org.apache.catalina.startup.Catalina load
INFO: Initialization processed in 514 ms
Jan 26, 2018 7:44:01 AM org.apache.catalina.core.StandardService startInternal
INFO: Starting service Catalina
Jan 26, 2018 7:44:01 AM org.apache.catalina.core.StandardEngine startInternal
INFO: Starting Servlet Engine: Apache Tomcat/7.0.82
Jan 26, 2018 7:44:01 AM org.apache.catalina.startup.HostConfig deployWAR
INFO: Deploying web application archive /Users/tonisutomo/Documents/tomcat7/webapps/jsf.war
Jan 26, 2018 7:44:02 AM org.apache.catalina.loader.WebappClassLoaderBase validateJarFile
INFO: validateJarFile(/Users/tonisutomo/Documents/tomcat7/webapps/jsf/WEB-INF/lib/jsp-api-2.1.jar) - jar not loaded. See Servlet Spec 3.0, section 10.7.2. Offending class: javax/el/Expression.class
Jan 26, 2018 7:44:02 AM org.apache.catalina.loader.WebappClassLoaderBase validateJarFile
INFO: validateJarFile(/Users/tonisutomo/Documents/tomcat7/webapps/jsf/WEB-INF/lib/servlet-api-2.5.jar) - jar not loaded. See Servlet Spec 3.0, section 10.7.2. Offending class: javax/servlet/Servlet.class
Jan 26, 2018 7:44:02 AM org.apache.catalina.startup.TldConfig execute
INFO: At least one JAR was scanned for TLDs yet contained no TLDs. Enable debug logging for this logger for a complete list of JARs that were scanned but no TLDs were found in them. Skipping unneeded JARs during scanning can improve startup time and JSP compilation time.
Jan 26, 2018 7:44:02 AM org.apache.catalina.core.StandardContext addApplicationListener
INFO: The listener "com.sun.faces.config.ConfigureListener" is already configured for this context. The duplicate definition has been ignored.
Jan 26, 2018 7:44:02 AM com.sun.faces.config.ConfigureListener contextInitialized
INFO: Initializing Mojarra 2.1.7 (SNAPSHOT 20120206) for context '/jsf'
Jan 26, 2018 7:44:03 AM com.sun.faces.spi.InjectionProviderFactory createInstance
INFO: JSF1048: PostConstruct/PreDestroy annotations present.  ManagedBeans methods marked with these annotations will have said annotations processed.
Jan 26, 2018 7:44:03 AM org.apache.catalina.startup.HostConfig deployWAR
INFO: Deployment of web application archive /Users/tonisutomo/Documents/tomcat7/webapps/jsf.war has finished in 1,692 ms
Jan 26, 2018 7:44:03 AM org.apache.catalina.startup.HostConfig deployWAR
INFO: Deploying web application archive /Users/tonisutomo/Documents/tomcat7/webapps/world.war
Jan 26, 2018 7:44:05 AM org.apache.catalina.startup.TaglibUriRule body
INFO: TLD skipped. URI: http://java.sun.com/jsp/jstl/core is already defined
Jan 26, 2018 7:44:05 AM org.apache.catalina.startup.TaglibUriRule body
INFO: TLD skipped. URI: http://java.sun.com/jsp/jstl/fmt is already defined
Jan 26, 2018 7:44:05 AM org.apache.catalina.startup.TaglibUriRule body
INFO: TLD skipped. URI: http://www.springframework.org/tags is already defined
Jan 26, 2018 7:44:05 AM org.apache.catalina.startup.TaglibUriRule body
INFO: TLD skipped. URI: http://www.springframework.org/tags/form is already defined
Jan 26, 2018 7:44:05 AM org.apache.catalina.startup.TldConfig execute
INFO: At least one JAR was scanned for TLDs yet contained no TLDs. Enable debug logging for this logger for a complete list of JARs that were scanned but no TLDs were found in them. Skipping unneeded JARs during scanning can improve startup time and JSP compilation time.
Jan 26, 2018 7:44:13 AM org.apache.catalina.startup.HostConfig deployWAR
INFO: Deployment of web application archive /Users/tonisutomo/Documents/tomcat7/webapps/world.war has finished in 9,465 ms
Jan 26, 2018 7:44:13 AM org.apache.catalina.startup.HostConfig deployDirectory
INFO: Deploying web application directory /Users/tonisutomo/Documents/tomcat7/webapps/docs
Jan 26, 2018 7:44:13 AM org.apache.catalina.startup.HostConfig deployDirectory
INFO: Deployment of web application directory /Users/tonisutomo/Documents/tomcat7/webapps/docs has finished in 33 ms
Jan 26, 2018 7:44:13 AM org.apache.catalina.startup.HostConfig deployDirectory
INFO: Deploying web application directory /Users/tonisutomo/Documents/tomcat7/webapps/manager
Jan 26, 2018 7:44:13 AM org.apache.catalina.startup.HostConfig deployDirectory
INFO: Deployment of web application directory /Users/tonisutomo/Documents/tomcat7/webapps/manager has finished in 68 ms
Jan 26, 2018 7:44:13 AM org.apache.catalina.startup.HostConfig deployDirectory
INFO: Deploying web application directory /Users/tonisutomo/Documents/tomcat7/webapps/examples
Jan 26, 2018 7:44:13 AM org.apache.catalina.startup.HostConfig deployDirectory
INFO: Deployment of web application directory /Users/tonisutomo/Documents/tomcat7/webapps/examples has finished in 205 ms
Jan 26, 2018 7:44:13 AM org.apache.catalina.startup.HostConfig deployDirectory
INFO: Deploying web application directory /Users/tonisutomo/Documents/tomcat7/webapps/ROOT
Jan 26, 2018 7:44:13 AM org.apache.catalina.startup.HostConfig deployDirectory
INFO: Deployment of web application directory /Users/tonisutomo/Documents/tomcat7/webapps/ROOT has finished in 33 ms
Jan 26, 2018 7:44:13 AM org.apache.catalina.startup.HostConfig deployDirectory
INFO: Deploying web application directory /Users/tonisutomo/Documents/tomcat7/webapps/host-manager
Jan 26, 2018 7:44:13 AM org.apache.catalina.startup.HostConfig deployDirectory
INFO: Deployment of web application directory /Users/tonisutomo/Documents/tomcat7/webapps/host-manager has finished in 33 ms
Jan 26, 2018 7:44:13 AM org.apache.coyote.AbstractProtocol start
INFO: Starting ProtocolHandler ["http-bio-8080"]
Jan 26, 2018 7:44:13 AM org.apache.coyote.AbstractProtocol start
INFO: Starting ProtocolHandler ["ajp-bio-8009"]
Jan 26, 2018 7:44:13 AM org.apache.catalina.startup.Catalina start
INFO: Server startup in 11601 ms
Jan 26, 2018 7:44:50 AM com.sun.faces.lifecycle.ProcessValidationsPhase execute
WARNING: /index.xhtml @14,59 value="#{personBean.name}": Target Unreachable, identifier 'personBean' resolved to null
javax.el.PropertyNotFoundException: /index.xhtml @14,59 value="#{personBean.name}": Target Unreachable, identifier 'personBean' resolved to null
	at com.sun.faces.facelets.el.TagValueExpression.getType(TagValueExpression.java:100)
	at com.sun.faces.renderkit.html_basic.HtmlBasicInputRenderer.getConvertedValue(HtmlBasicInputRenderer.java:95)
	at javax.faces.component.UIInput.getConvertedValue(UIInput.java:1030)
	at javax.faces.component.UIInput.validate(UIInput.java:960)
	at javax.faces.component.UIInput.executeValidate(UIInput.java:1233)
	at javax.faces.component.UIInput.processValidators(UIInput.java:698)
	at javax.faces.component.UIForm.processValidators(UIForm.java:253)
	at javax.faces.component.UIComponentBase.processValidators(UIComponentBase.java:1214)
	at javax.faces.component.UIComponentBase.processValidators(UIComponentBase.java:1214)
	at javax.faces.component.UIViewRoot.processValidators(UIViewRoot.java:1172)
	at com.sun.faces.lifecycle.ProcessValidationsPhase.execute(ProcessValidationsPhase.java:76)
	at com.sun.faces.lifecycle.Phase.doPhase(Phase.java:101)
	at com.sun.faces.lifecycle.LifecycleImpl.execute(LifecycleImpl.java:118)
	at javax.faces.webapp.FacesServlet.service(FacesServlet.java:593)
	at org.apache.catalina.core.ApplicationFilterChain.internalDoFilter(ApplicationFilterChain.java:303)
	at org.apache.catalina.core.ApplicationFilterChain.doFilter(ApplicationFilterChain.java:208)
	at org.apache.tomcat.websocket.server.WsFilter.doFilter(WsFilter.java:52)
	at org.apache.catalina.core.ApplicationFilterChain.internalDoFilter(ApplicationFilterChain.java:241)
	at org.apache.catalina.core.ApplicationFilterChain.doFilter(ApplicationFilterChain.java:208)
	at org.apache.catalina.core.StandardWrapperValve.invoke(StandardWrapperValve.java:219)
	at org.apache.catalina.core.StandardContextValve.invoke(StandardContextValve.java:110)
	at org.apache.catalina.authenticator.AuthenticatorBase.invoke(AuthenticatorBase.java:506)
	at org.apache.catalina.core.StandardHostValve.invoke(StandardHostValve.java:169)
	at org.apache.catalina.valves.ErrorReportValve.invoke(ErrorReportValve.java:103)
	at org.apache.catalina.valves.AccessLogValve.invoke(AccessLogValve.java:962)
	at org.apache.catalina.core.StandardEngineValve.invoke(StandardEngineValve.java:116)
	at org.apache.catalina.connector.CoyoteAdapter.service(CoyoteAdapter.java:445)
	at org.apache.coyote.http11.AbstractHttp11Processor.process(AbstractHttp11Processor.java:1115)
	at org.apache.coyote.AbstractProtocol$AbstractConnectionHandler.process(AbstractProtocol.java:637)
	at org.apache.tomcat.util.net.JIoEndpoint$SocketProcessor.run(JIoEndpoint.java:318)
	at java.util.concurrent.ThreadPoolExecutor.runWorker(ThreadPoolExecutor.java:1145)
	at java.util.concurrent.ThreadPoolExecutor$Worker.run(ThreadPoolExecutor.java:615)
	at org.apache.tomcat.util.threads.TaskThread$WrappingRunnable.run(TaskThread.java:61)
	at java.lang.Thread.run(Thread.java:745)

Jan 26, 2018 7:53:44 AM org.apache.catalina.core.StandardServer await
INFO: A valid shutdown command was received via the shutdown port. Stopping the Server instance.
Jan 26, 2018 7:53:44 AM org.apache.coyote.AbstractProtocol pause
INFO: Pausing ProtocolHandler ["http-bio-8080"]
Jan 26, 2018 7:53:44 AM org.apache.coyote.AbstractProtocol pause
INFO: Pausing ProtocolHandler ["ajp-bio-8009"]
Jan 26, 2018 7:53:44 AM org.apache.catalina.core.StandardService stopInternal
INFO: Stopping service Catalina
Jan 26, 2018 7:53:44 AM org.apache.catalina.loader.WebappClassLoaderBase clearReferencesThreads
SEVERE: The web application [/world] appears to have started a thread named [PoolCleaner[1362194824:1516928024768]] but has failed to stop it. This is very likely to create a memory leak.
Jan 26, 2018 7:53:44 AM org.apache.coyote.AbstractProtocol stop
INFO: Stopping ProtocolHandler ["http-bio-8080"]
Jan 26, 2018 7:53:44 AM org.apache.coyote.AbstractProtocol stop
INFO: Stopping ProtocolHandler ["ajp-bio-8009"]
Jan 26, 2018 7:53:44 AM org.apache.coyote.AbstractProtocol destroy
INFO: Destroying ProtocolHandler ["http-bio-8080"]
Jan 26, 2018 7:53:44 AM org.apache.coyote.AbstractProtocol destroy
INFO: Destroying ProtocolHandler ["ajp-bio-8009"]
