Jan 25, 2018 10:38:40 AM org.apache.catalina.core.ApplicationContext log
INFO: No Spring WebApplicationInitializer types detected on classpath
Jan 25, 2018 10:38:41 AM org.apache.catalina.core.ApplicationContext log
INFO: Initializing Spring root WebApplicationContext
Jan 25, 2018 10:38:47 AM org.apache.catalina.core.ApplicationContext log
INFO: ContextListener: contextInitialized()
Jan 25, 2018 10:38:47 AM org.apache.catalina.core.ApplicationContext log
INFO: SessionListener: contextInitialized()
Jan 25, 2018 10:38:47 AM org.apache.catalina.core.ApplicationContext log
INFO: ContextListener: attributeAdded('org.apache.jasper.compiler.TldLocationsCache', 'org.apache.jasper.compiler.TldLocationsCache@71decd4f')
Jan 25, 2018 11:00:27 AM org.apache.catalina.core.ApplicationContext log
INFO: SessionListener: contextDestroyed()
Jan 25, 2018 11:00:27 AM org.apache.catalina.core.ApplicationContext log
INFO: ContextListener: contextDestroyed()
Jan 25, 2018 11:00:40 AM org.apache.catalina.core.ApplicationContext log
INFO: No Spring WebApplicationInitializer types detected on classpath
Jan 25, 2018 11:00:40 AM org.apache.catalina.core.ApplicationContext log
INFO: Initializing Spring root WebApplicationContext
Jan 25, 2018 11:00:47 AM org.apache.catalina.core.ApplicationContext log
INFO: ContextListener: contextInitialized()
Jan 25, 2018 11:00:47 AM org.apache.catalina.core.ApplicationContext log
INFO: SessionListener: contextInitialized()
Jan 25, 2018 11:00:47 AM org.apache.catalina.core.ApplicationContext log
INFO: ContextListener: attributeAdded('org.apache.jasper.compiler.TldLocationsCache', 'org.apache.jasper.compiler.TldLocationsCache@6926addc')
Jan 25, 2018 11:02:52 AM org.apache.catalina.core.ApplicationContext log
INFO: SessionListener: contextDestroyed()
Jan 25, 2018 11:02:52 AM org.apache.catalina.core.ApplicationContext log
INFO: ContextListener: contextDestroyed()
Jan 25, 2018 11:03:13 AM org.apache.catalina.core.ApplicationContext log
INFO: No Spring WebApplicationInitializer types detected on classpath
Jan 25, 2018 11:03:14 AM org.apache.catalina.core.ApplicationContext log
INFO: Initializing Spring root WebApplicationContext
Jan 25, 2018 11:03:21 AM org.apache.catalina.core.ApplicationContext log
INFO: ContextListener: contextInitialized()
Jan 25, 2018 11:03:21 AM org.apache.catalina.core.ApplicationContext log
INFO: SessionListener: contextInitialized()
Jan 25, 2018 11:03:21 AM org.apache.catalina.core.ApplicationContext log
INFO: ContextListener: attributeAdded('org.apache.jasper.compiler.TldLocationsCache', 'org.apache.jasper.compiler.TldLocationsCache@1a3cd38a')
Jan 25, 2018 11:05:40 AM org.apache.catalina.core.ApplicationContext log
INFO: SessionListener: contextDestroyed()
Jan 25, 2018 11:05:40 AM org.apache.catalina.core.ApplicationContext log
INFO: ContextListener: contextDestroyed()
Jan 25, 2018 11:05:46 AM org.apache.catalina.core.ApplicationContext log
INFO: No Spring WebApplicationInitializer types detected on classpath
Jan 25, 2018 11:05:47 AM org.apache.catalina.core.ApplicationContext log
INFO: Initializing Spring root WebApplicationContext
Jan 25, 2018 11:05:54 AM org.apache.catalina.core.ApplicationContext log
INFO: ContextListener: contextInitialized()
Jan 25, 2018 11:05:54 AM org.apache.catalina.core.ApplicationContext log
INFO: SessionListener: contextInitialized()
Jan 25, 2018 11:05:54 AM org.apache.catalina.core.ApplicationContext log
INFO: ContextListener: attributeAdded('org.apache.jasper.compiler.TldLocationsCache', 'org.apache.jasper.compiler.TldLocationsCache@74a2da7f')
Jan 25, 2018 1:19:16 PM org.apache.catalina.core.ApplicationContext log
INFO: SessionListener: contextDestroyed()
Jan 25, 2018 1:19:16 PM org.apache.catalina.core.ApplicationContext log
INFO: ContextListener: contextDestroyed()
