Mar 15, 2018 1:49:15 PM org.apache.catalina.core.ApplicationContext log
INFO: No Spring WebApplicationInitializer types detected on classpath
Mar 15, 2018 1:49:16 PM org.apache.catalina.core.ApplicationContext log
INFO: Initializing Spring root WebApplicationContext
Mar 15, 2018 1:49:32 PM org.apache.catalina.core.ApplicationContext log
INFO: Initializing Spring FrameworkServlet 'grails'
Mar 15, 2018 1:49:32 PM org.apache.catalina.core.ApplicationContext log
INFO: ContextListener: contextInitialized()
Mar 15, 2018 1:49:32 PM org.apache.catalina.core.ApplicationContext log
INFO: SessionListener: contextInitialized()
Mar 15, 2018 1:49:32 PM org.apache.catalina.core.ApplicationContext log
INFO: ContextListener: attributeAdded('org.apache.jasper.compiler.TldLocationsCache', 'org.apache.jasper.compiler.TldLocationsCache@1530e10d')
Mar 15, 2018 1:49:49 PM org.apache.catalina.core.ApplicationContext log
INFO: Initializing Spring FrameworkServlet 'gsp'
Mar 15, 2018 1:49:49 PM org.apache.catalina.core.ApplicationContext log
INFO: GSP servlet initialized
Mar 15, 2018 1:54:17 PM org.apache.catalina.core.ApplicationContext log
INFO: SessionListener: contextDestroyed()
Mar 15, 2018 1:54:17 PM org.apache.catalina.core.ApplicationContext log
INFO: ContextListener: contextDestroyed()
Mar 15, 2018 1:54:17 PM org.apache.catalina.core.ApplicationContext log
INFO: Destroying Spring FrameworkServlet 'gsp'
Mar 15, 2018 1:54:17 PM org.apache.catalina.core.ApplicationContext log
INFO: Destroying Spring FrameworkServlet 'grails'
Mar 15, 2018 1:54:18 PM org.apache.catalina.core.ApplicationContext log
INFO: Closing Spring root WebApplicationContext
